2023-06-27 23:19:19 INFO  TransferService:39 - Операция с id=1 успешно сохранена, ждет подтверждения: Перевод с карты (0000000000000000, 12/25, 123) на карту (1234567891234567), сумма = 1000, комиссия = 100
2023-06-27 23:19:19 INFO  TransferService:51 - Проверка кода выполнена. Операция с id=1 успешно произведена: Перевод с карты (0000000000000000, 12/25, 123) на карту (1234567891234567), сумма = 1000, комиссия = 100
2023-06-27 23:20:00 INFO  TransferService:39 - Операция с id=2 успешно сохранена, ждет подтверждения: Перевод с карты (0000000080000000, 12/25, 123) на карту (1234567891234567), сумма = 1000, комиссия = 100
2023-06-27 23:20:00 ERROR AccountRepository:47 - Операция 2: карта не надена
2023-06-27 23:20:09 INFO  TransferService:39 - Операция с id=3 успешно сохранена, ждет подтверждения: Перевод с карты (0000000000000000, 12/25, 823) на карту (1234567891234567), сумма = 1000, комиссия = 100
2023-06-27 23:20:09 ERROR AccountRepository:58 - Операция 3: неверные CVV или срок действия
2023-06-27 23:20:23 INFO  TransferService:39 - Операция с id=4 успешно сохранена, ждет подтверждения: Перевод с карты (0000000000000000, 12/25, 123) на карту (1234567891234567), сумма = 10000000, комиссия = 1000000
2023-06-27 23:20:23 ERROR AccountRepository:63 - Операция 4: недостаточно средств на карте
2023-06-27 23:20:42 ERROR TransferService:60 - Операция с id=90 не найдена
2023-06-27 23:21:08 ERROR AccountRepository:47 - Операция 4: карта не надена
2023-06-28 00:52:48 ERROR AccountRepository:58 - Операция 2: неверные CVV или срок действия
2023-06-28 00:52:48 ERROR AccountRepository:58 - Операция 2: неверные CVV или срок действия
2023-06-28 00:52:48 ERROR AccountRepository:58 - Операция 2: неверные CVV или срок действия
2023-06-28 00:53:19 ERROR AccountRepository:58 - Операция 2: неверные CVV или срок действия
2023-06-28 00:53:19 ERROR AccountRepository:58 - Операция 2: неверные CVV или срок действия
2023-06-28 00:53:19 ERROR AccountRepository:58 - Операция 2: неверные CVV или срок действия
2023-06-28 01:26:12 INFO  TransferService:36 - Операция с id=1 сохранена, ждет подтверждения: Перевод с карты (00000000000000000000, 12/25, 123) на карту (1234567891234567), сумма = 100, комиссия = 10
2023-06-28 01:26:12 INFO  TransferService:36 - Операция с id=2 сохранена, ждет подтверждения: Перевод с карты (00000000000000000000, 12/25, 123) на карту (1234567891234567), сумма = 100, комиссия = 10
2023-06-28 01:34:12 INFO  TransferService:36 - Операция с id=1 сохранена, ждет подтверждения: Перевод с карты (00000000000000000000, 12/25, 123) на карту (1234567891234567), сумма = 100, комиссия = 10
2023-06-28 01:34:12 ERROR TransferService:57 - Операция с id=99 не найдена
2023-06-28 01:34:12 INFO  TransferService:36 - Операция с id=1 сохранена, ждет подтверждения: Перевод с карты (00000000000000000000, 12/25, 123) на карту (1234567891234567), сумма = 100, комиссия = 10
2023-06-28 01:34:12 ERROR TransferService:52 - Неверный код подтверждения для операции 1
2023-06-28 01:36:40 INFO  TransferService:36 - Операция с id=1 сохранена, ждет подтверждения: Перевод с карты (00000000000000000000, 12/25, 123) на карту (1234567891234567), сумма = 100, комиссия = 10
2023-06-28 01:36:40 ERROR AccountRepositoryImpl:47 - Операция 1: карта не надена
2023-06-28 01:38:19 INFO  TransferService:36 - Операция с id=1 сохранена, ждет подтверждения: Перевод с карты (0000000000000000, 12/25, 123) на карту (1234567891234567), сумма = 100, комиссия = 10
2023-06-28 01:38:19 INFO  TransferService:48 - Проверка кода выполнена. Операция с id=1 успешно произведена: Перевод с карты (0000000000000000, 12/25, 123) на карту (1234567891234567), сумма = 100, комиссия = 10
2023-06-28 01:38:55 INFO  TransferService:36 - Операция с id=1 сохранена, ждет подтверждения: Перевод с карты (0000000000000000, 12/25, 123) на карту (1234567891234567), сумма = 100, комиссия = 10
2023-06-28 01:38:55 ERROR TransferService:57 - Операция с id=99 не найдена
2023-06-28 01:38:55 INFO  TransferService:36 - Операция с id=1 сохранена, ждет подтверждения: Перевод с карты (0000000000000000, 12/25, 123) на карту (1234567891234567), сумма = 100, комиссия = 10
2023-06-28 01:38:55 ERROR TransferService:52 - Неверный код подтверждения для операции 1
2023-06-28 01:38:55 INFO  TransferService:36 - Операция с id=1 сохранена, ждет подтверждения: Перевод с карты (0000000000000000, 12/25, 123) на карту (1234567891234567), сумма = 100, комиссия = 10
2023-06-28 01:38:55 INFO  TransferService:48 - Проверка кода выполнена. Операция с id=1 успешно произведена: Перевод с карты (0000000000000000, 12/25, 123) на карту (1234567891234567), сумма = 100, комиссия = 10
2023-06-28 01:38:55 INFO  TransferService:36 - Операция с id=1 сохранена, ждет подтверждения: Перевод с карты (00000000000000000000, 12/25, 123) на карту (1234567891234567), сумма = 100, комиссия = 10
2023-06-28 01:38:55 INFO  TransferService:36 - Операция с id=2 сохранена, ждет подтверждения: Перевод с карты (00000000000000000000, 12/25, 123) на карту (1234567891234567), сумма = 100, комиссия = 10
2023-06-28 01:41:30 INFO  TransferServiceImpl:36 - Операция с id=1 сохранена, ждет подтверждения: Перевод с карты (0000000000000000, 12/25, 123) на карту (1234567891234567), сумма = 1000, комиссия = 100
2023-06-28 01:41:31 INFO  TransferServiceImpl:48 - Проверка кода выполнена. Операция с id=1 успешно произведена: Перевод с карты (0000000000000000, 12/25, 123) на карту (1234567891234567), сумма = 1000, комиссия = 100
